<?xml version="1.0" encoding="UTF-8"?>
<!-- Generated by org.testng.reporters.JUnitReportReporter -->
<testsuite skipped="0" hostname="WIN-GEDESCREUP8" name="test.Selenium_Jenkins_Integration" tests="1" failures="0" timestamp="08 Mar 2018 20:02:54 GMT" time="6.547" errors="0">
  <testcase name="test" time="6.547" classname="test.Selenium_Jenkins_Integration"/>
</testsuite> <!-- test.Selenium_Jenkins_Integration -->
